<?xml version="1.0" encoding="UTF-8"?>
<testsuite name="Como usuario deseo consultar datacredito" tests="1" skipped="0" failures="0" errors="0" timestamp="2022-06-22T01:24:27" hostname="DESKTOP-FJ634HR" time="9.269">
  <properties/>
  <testcase name="Como usuario deseo conocer las ciudades disponibles" classname="Como usuario deseo consultar datacredito" time="9.269"/>
  <system-out><![CDATA[Step argument class io.cucumber.core.gherkin.messages.GherkinMessagesDataTableArgument
Request method:	GET
Request URI:	https://api-sbx.labdigitalbdbtvsstg.com/master-data-management-public/V1/Utilities/mdm/cities?Id=05001001
Proxy:			<none>
Request params:	Id=05001001
Query params:	<none>
Form params:	<none>
Path params:	<none>
Headers:		X-name=Adquirencia
				Accept=*/*
				Content-Type=application/json; charset=UTF-8
Cookies:		<none>
Multiparts:		<none>
Body:			<none>
]]></system-out>
  <system-err><![CDATA[[Test worker] INFO io.cucumber.core.plugin.SerenityReporter - Running feature from file:///E:/Inteliij/RestApi/src/test/resources/features/consultapostburo.feature
[Test worker] INFO  - 
 _____ _____ ____ _____   ____ _____  _    ____ _____ _____ ____  
|_   _| ____/ ___|_   _| / ___|_   _|/ \  |  _ \_   _| ____|  _ \ 
  | | |  _| \___ \ | |   \___ \ | | / _ \ | |_) || | |  _| | | | |
  | | | |___ ___) || |    ___) || |/ ___ \|  _ < | | | |___| |_| |
  |_| |_____|____/ |_|   |____/ |_/_/   \_\_| \_\|_| |_____|____/ 

Como usuario deseo conocer las ciudades disponibles(como-usuario-deseo-consultar-datacredito;como-usuario-deseo-conocer-las-ciudades-disponibles)
-------------------------------------------------------------------
[Test worker] INFO  - 
        __    _____ _____ ____ _____   ____   _    ____  ____  _____ ____  
  _     \ \  |_   _| ____/ ___|_   _| |  _ \ / \  / ___|/ ___|| ____|  _ \ 
 (_)_____| |   | | |  _| \___ \ | |   | |_) / _ \ \___ \\___ \|  _| | | | |
  _|_____| |   | | | |___ ___) || |   |  __/ ___ \ ___) |___) | |___| |_| |
 (_)     | |   |_| |_____|____/ |_|   |_| /_/   \_\____/|____/|_____|____/ 
        /_/                                                                

Como usuario deseo conocer las ciudades disponibles
----------------------------------------------------------------------------
]]></system-err>
</testsuite>
